INFO [2025-09-10 17:36:25] [[1]]
INFO [2025-09-10 17:36:25] go_sets
INFO [2025-09-10 17:36:25] 
INFO [2025-09-10 17:36:25] $category.names
INFO [2025-09-10 17:36:25] names(go_sets)
INFO [2025-09-10 17:36:25] 
INFO [2025-09-10 17:36:25] $filename
INFO [2025-09-10 17:36:25] NULL
INFO [2025-09-10 17:36:25] 
INFO [2025-09-10 17:36:25] $fill
INFO [2025-09-10 17:36:25] c("red", "blue", "green", "yellow")
INFO [2025-09-10 17:36:25] 
INFO [2025-09-10 17:36:25] $alpha
INFO [2025-09-10 17:36:25] [1] 0.4
INFO [2025-09-10 17:36:25] 
INFO [2025-09-10 17:36:25] $cex
INFO [2025-09-10 17:36:25] [1] 1.2
INFO [2025-09-10 17:36:25] 
INFO [2025-09-10 17:36:25] $cat.cex
INFO [2025-09-10 17:36:25] [1] 1.1
INFO [2025-09-10 17:36:25] 
INFO [2025-09-10 17:36:25] $margin
INFO [2025-09-10 17:36:25] [1] 0.05
INFO [2025-09-10 17:36:25] 
