INFO [2025-07-13 23:16:27] [[1]]
INFO [2025-07-13 23:16:27] go_sets
INFO [2025-07-13 23:16:27] 
INFO [2025-07-13 23:16:27] $category.names
INFO [2025-07-13 23:16:27] names(go_sets)
INFO [2025-07-13 23:16:27] 
INFO [2025-07-13 23:16:27] $filename
INFO [2025-07-13 23:16:27] NULL
INFO [2025-07-13 23:16:27] 
INFO [2025-07-13 23:16:27] $fill
INFO [2025-07-13 23:16:27] c("red", "blue", "green", "yellow")
INFO [2025-07-13 23:16:27] 
INFO [2025-07-13 23:16:27] $alpha
INFO [2025-07-13 23:16:27] [1] 0.4
INFO [2025-07-13 23:16:27] 
INFO [2025-07-13 23:16:27] $cex
INFO [2025-07-13 23:16:27] [1] 1.2
INFO [2025-07-13 23:16:27] 
INFO [2025-07-13 23:16:27] $cat.cex
INFO [2025-07-13 23:16:27] [1] 1.1
INFO [2025-07-13 23:16:27] 
INFO [2025-07-13 23:16:27] $margin
INFO [2025-07-13 23:16:27] [1] 0.05
INFO [2025-07-13 23:16:27] 
