INFO [2025-07-21 13:46:37] [[1]]
INFO [2025-07-21 13:46:37] gene_sets
INFO [2025-07-21 13:46:37] 
INFO [2025-07-21 13:46:37] $category.names
INFO [2025-07-21 13:46:37] names(gene_sets)
INFO [2025-07-21 13:46:37] 
INFO [2025-07-21 13:46:37] $filename
INFO [2025-07-21 13:46:37] NULL
INFO [2025-07-21 13:46:37] 
INFO [2025-07-21 13:46:37] $fill
INFO [2025-07-21 13:46:37] c("#E69F00", "#56B4E9", "#009E73", "#CC79A7")
INFO [2025-07-21 13:46:37] 
INFO [2025-07-21 13:46:37] $alpha
INFO [2025-07-21 13:46:37] [1] 0.4
INFO [2025-07-21 13:46:37] 
INFO [2025-07-21 13:46:37] $cex
INFO [2025-07-21 13:46:37] [1] 1.2
INFO [2025-07-21 13:46:37] 
INFO [2025-07-21 13:46:37] $cat.cex
INFO [2025-07-21 13:46:37] [1] 1.1
INFO [2025-07-21 13:46:37] 
INFO [2025-07-21 13:46:37] $margin
INFO [2025-07-21 13:46:37] [1] 0.05
INFO [2025-07-21 13:46:37] 
