INFO [2025-07-13 23:41:25] [[1]]
INFO [2025-07-13 23:41:25] gene_sets
INFO [2025-07-13 23:41:25] 
INFO [2025-07-13 23:41:25] $category.names
INFO [2025-07-13 23:41:25] names(gene_sets)
INFO [2025-07-13 23:41:25] 
INFO [2025-07-13 23:41:25] $filename
INFO [2025-07-13 23:41:25] NULL
INFO [2025-07-13 23:41:25] 
INFO [2025-07-13 23:41:25] $fill
INFO [2025-07-13 23:41:25] c("#E69F00", "#56B4E9", "#009E73", "#CC79A7")
INFO [2025-07-13 23:41:25] 
INFO [2025-07-13 23:41:25] $alpha
INFO [2025-07-13 23:41:25] [1] 0.4
INFO [2025-07-13 23:41:25] 
INFO [2025-07-13 23:41:25] $cex
INFO [2025-07-13 23:41:25] [1] 1.2
INFO [2025-07-13 23:41:25] 
INFO [2025-07-13 23:41:25] $cat.cex
INFO [2025-07-13 23:41:25] [1] 1.1
INFO [2025-07-13 23:41:25] 
INFO [2025-07-13 23:41:25] $margin
INFO [2025-07-13 23:41:25] [1] 0.05
INFO [2025-07-13 23:41:25] 
