INFO [2025-07-13 23:10:43] [[1]]
INFO [2025-07-13 23:10:43] gene_sets
INFO [2025-07-13 23:10:43] 
INFO [2025-07-13 23:10:43] $category.names
INFO [2025-07-13 23:10:43] names(gene_sets)
INFO [2025-07-13 23:10:43] 
INFO [2025-07-13 23:10:43] $filename
INFO [2025-07-13 23:10:43] NULL
INFO [2025-07-13 23:10:43] 
INFO [2025-07-13 23:10:43] $fill
INFO [2025-07-13 23:10:43] c("red", "blue", "green", "yellow")
INFO [2025-07-13 23:10:43] 
INFO [2025-07-13 23:10:43] $alpha
INFO [2025-07-13 23:10:43] [1] 0.4
INFO [2025-07-13 23:10:43] 
INFO [2025-07-13 23:10:43] $cex
INFO [2025-07-13 23:10:43] [1] 1.2
INFO [2025-07-13 23:10:43] 
INFO [2025-07-13 23:10:43] $cat.cex
INFO [2025-07-13 23:10:43] [1] 1.1
INFO [2025-07-13 23:10:43] 
INFO [2025-07-13 23:10:43] $margin
INFO [2025-07-13 23:10:43] [1] 0.05
INFO [2025-07-13 23:10:43] 
