INFO [2025-09-10 17:38:42] [[1]]
INFO [2025-09-10 17:38:42] go_sets
INFO [2025-09-10 17:38:42] 
INFO [2025-09-10 17:38:42] $category.names
INFO [2025-09-10 17:38:42] names(go_sets)
INFO [2025-09-10 17:38:42] 
INFO [2025-09-10 17:38:42] $filename
INFO [2025-09-10 17:38:42] NULL
INFO [2025-09-10 17:38:42] 
INFO [2025-09-10 17:38:42] $fill
INFO [2025-09-10 17:38:42] c("red", "blue", "green", "yellow")
INFO [2025-09-10 17:38:42] 
INFO [2025-09-10 17:38:42] $alpha
INFO [2025-09-10 17:38:42] [1] 0.4
INFO [2025-09-10 17:38:42] 
INFO [2025-09-10 17:38:42] $cex
INFO [2025-09-10 17:38:42] [1] 1.2
INFO [2025-09-10 17:38:42] 
INFO [2025-09-10 17:38:42] $cat.cex
INFO [2025-09-10 17:38:42] [1] 1.1
INFO [2025-09-10 17:38:42] 
INFO [2025-09-10 17:38:42] $margin
INFO [2025-09-10 17:38:42] [1] 0.05
INFO [2025-09-10 17:38:42] 
