INFO [2025-07-13 23:28:36] [[1]]
INFO [2025-07-13 23:28:36] gene_sets
INFO [2025-07-13 23:28:36] 
INFO [2025-07-13 23:28:36] $category.names
INFO [2025-07-13 23:28:36] names(gene_sets)
INFO [2025-07-13 23:28:36] 
INFO [2025-07-13 23:28:36] $filename
INFO [2025-07-13 23:28:36] NULL
INFO [2025-07-13 23:28:36] 
INFO [2025-07-13 23:28:36] $fill
INFO [2025-07-13 23:28:36] c("red", "blue", "green", "yellow")
INFO [2025-07-13 23:28:36] 
INFO [2025-07-13 23:28:36] $alpha
INFO [2025-07-13 23:28:36] [1] 0.4
INFO [2025-07-13 23:28:36] 
INFO [2025-07-13 23:28:36] $cex
INFO [2025-07-13 23:28:36] [1] 1.2
INFO [2025-07-13 23:28:36] 
INFO [2025-07-13 23:28:36] $cat.cex
INFO [2025-07-13 23:28:36] [1] 1.1
INFO [2025-07-13 23:28:36] 
INFO [2025-07-13 23:28:36] $margin
INFO [2025-07-13 23:28:36] [1] 0.05
INFO [2025-07-13 23:28:36] 
