INFO [2025-07-13 23:16:22] [[1]]
INFO [2025-07-13 23:16:22] g0_sets
INFO [2025-07-13 23:16:22] 
INFO [2025-07-13 23:16:22] $category.names
INFO [2025-07-13 23:16:22] names(go_sets)
INFO [2025-07-13 23:16:22] 
INFO [2025-07-13 23:16:22] $filename
INFO [2025-07-13 23:16:22] NULL
INFO [2025-07-13 23:16:22] 
INFO [2025-07-13 23:16:22] $fill
INFO [2025-07-13 23:16:22] c("red", "blue", "green", "yellow")
INFO [2025-07-13 23:16:22] 
INFO [2025-07-13 23:16:22] $alpha
INFO [2025-07-13 23:16:22] [1] 0.4
INFO [2025-07-13 23:16:22] 
INFO [2025-07-13 23:16:22] $cex
INFO [2025-07-13 23:16:22] [1] 1.2
INFO [2025-07-13 23:16:22] 
INFO [2025-07-13 23:16:22] $cat.cex
INFO [2025-07-13 23:16:22] [1] 1.1
INFO [2025-07-13 23:16:22] 
INFO [2025-07-13 23:16:22] $margin
INFO [2025-07-13 23:16:22] [1] 0.05
INFO [2025-07-13 23:16:22] 
