INFO [2025-07-21 13:52:52] [[1]]
INFO [2025-07-21 13:52:52] go_sets
INFO [2025-07-21 13:52:52] 
INFO [2025-07-21 13:52:52] $category.names
INFO [2025-07-21 13:52:52] names(go_sets)
INFO [2025-07-21 13:52:52] 
INFO [2025-07-21 13:52:52] $filename
INFO [2025-07-21 13:52:52] NULL
INFO [2025-07-21 13:52:52] 
INFO [2025-07-21 13:52:52] $fill
INFO [2025-07-21 13:52:52] c("red", "blue", "green", "yellow")
INFO [2025-07-21 13:52:52] 
INFO [2025-07-21 13:52:52] $alpha
INFO [2025-07-21 13:52:52] [1] 0.4
INFO [2025-07-21 13:52:52] 
INFO [2025-07-21 13:52:52] $cex
INFO [2025-07-21 13:52:52] [1] 1.2
INFO [2025-07-21 13:52:52] 
INFO [2025-07-21 13:52:52] $cat.cex
INFO [2025-07-21 13:52:52] [1] 1.1
INFO [2025-07-21 13:52:52] 
INFO [2025-07-21 13:52:52] $margin
INFO [2025-07-21 13:52:52] [1] 0.05
INFO [2025-07-21 13:52:52] 
