INFO [2025-07-13 23:41:55] [[1]]
INFO [2025-07-13 23:41:55] gene_sets
INFO [2025-07-13 23:41:55] 
INFO [2025-07-13 23:41:55] $category.names
INFO [2025-07-13 23:41:55] names(gene_sets)
INFO [2025-07-13 23:41:55] 
INFO [2025-07-13 23:41:55] $filename
INFO [2025-07-13 23:41:55] NULL
INFO [2025-07-13 23:41:55] 
INFO [2025-07-13 23:41:55] $fill
INFO [2025-07-13 23:41:55] c("#E69F00", "#56B4E9", "#009E73", "#CC79A7")
INFO [2025-07-13 23:41:55] 
INFO [2025-07-13 23:41:55] $alpha
INFO [2025-07-13 23:41:55] [1] 0.4
INFO [2025-07-13 23:41:55] 
INFO [2025-07-13 23:41:55] $cex
INFO [2025-07-13 23:41:55] [1] 1.5
INFO [2025-07-13 23:41:55] 
INFO [2025-07-13 23:41:55] $cat.cex
INFO [2025-07-13 23:41:55] [1] 1.1
INFO [2025-07-13 23:41:55] 
INFO [2025-07-13 23:41:55] $margin
INFO [2025-07-13 23:41:55] [1] 0.05
INFO [2025-07-13 23:41:55] 
