INFO [2025-07-13 23:43:16] [[1]]
INFO [2025-07-13 23:43:16] gene_sets
INFO [2025-07-13 23:43:16] 
INFO [2025-07-13 23:43:16] $category.names
INFO [2025-07-13 23:43:16] names(gene_sets)
INFO [2025-07-13 23:43:16] 
INFO [2025-07-13 23:43:16] $filename
INFO [2025-07-13 23:43:16] NULL
INFO [2025-07-13 23:43:16] 
INFO [2025-07-13 23:43:16] $fill
INFO [2025-07-13 23:43:16] c("#E69F00", "#56B4E9", "#009E73", "#CC79A7")
INFO [2025-07-13 23:43:16] 
INFO [2025-07-13 23:43:16] $alpha
INFO [2025-07-13 23:43:16] [1] 0.4
INFO [2025-07-13 23:43:16] 
INFO [2025-07-13 23:43:16] $cex
INFO [2025-07-13 23:43:16] [1] 1.2
INFO [2025-07-13 23:43:16] 
INFO [2025-07-13 23:43:16] $cat.cex
INFO [2025-07-13 23:43:16] [1] 1.1
INFO [2025-07-13 23:43:16] 
INFO [2025-07-13 23:43:16] $margin
INFO [2025-07-13 23:43:16] [1] 0.05
INFO [2025-07-13 23:43:16] 
