INFO [2025-07-13 23:12:08] [[1]]
INFO [2025-07-13 23:12:08] gene_sets
INFO [2025-07-13 23:12:08] 
INFO [2025-07-13 23:12:08] $category.names
INFO [2025-07-13 23:12:08] names(gene_sets)
INFO [2025-07-13 23:12:08] 
INFO [2025-07-13 23:12:08] $filename
INFO [2025-07-13 23:12:08] NULL
INFO [2025-07-13 23:12:08] 
INFO [2025-07-13 23:12:08] $fill
INFO [2025-07-13 23:12:08] c("red", "blue", "green", "yellow")
INFO [2025-07-13 23:12:08] 
INFO [2025-07-13 23:12:08] $alpha
INFO [2025-07-13 23:12:08] [1] 0.4
INFO [2025-07-13 23:12:08] 
INFO [2025-07-13 23:12:08] $cex
INFO [2025-07-13 23:12:08] [1] 1.2
INFO [2025-07-13 23:12:08] 
INFO [2025-07-13 23:12:08] $cat.cex
INFO [2025-07-13 23:12:08] [1] 1.1
INFO [2025-07-13 23:12:08] 
INFO [2025-07-13 23:12:08] $margin
INFO [2025-07-13 23:12:08] [1] 0.05
INFO [2025-07-13 23:12:08] 
