INFO [2025-07-13 23:39:47] [[1]]
INFO [2025-07-13 23:39:47] gene_sets
INFO [2025-07-13 23:39:47] 
INFO [2025-07-13 23:39:47] $category.names
INFO [2025-07-13 23:39:47] names(gene_sets)
INFO [2025-07-13 23:39:47] 
INFO [2025-07-13 23:39:47] $filename
INFO [2025-07-13 23:39:47] NULL
INFO [2025-07-13 23:39:47] 
INFO [2025-07-13 23:39:47] $fill
INFO [2025-07-13 23:39:47] c("#4B0082", "#008080", "#fffd74", "#8A9A5B")
INFO [2025-07-13 23:39:47] 
INFO [2025-07-13 23:39:47] $alpha
INFO [2025-07-13 23:39:47] [1] 0.4
INFO [2025-07-13 23:39:47] 
INFO [2025-07-13 23:39:47] $cex
INFO [2025-07-13 23:39:47] [1] 1.2
INFO [2025-07-13 23:39:47] 
INFO [2025-07-13 23:39:47] $cat.cex
INFO [2025-07-13 23:39:47] [1] 1.1
INFO [2025-07-13 23:39:47] 
INFO [2025-07-13 23:39:47] $margin
INFO [2025-07-13 23:39:47] [1] 0.05
INFO [2025-07-13 23:39:47] 
